<?xml version="1.0" encoding="UTF-8"?>
<testng-results ignored="0" total="1" passed="0" failed="0" skipped="1">
  <reporter-output>
  </reporter-output>
  <suite started-at="2023-09-12T21:37:31 IST" name="Default suite" finished-at="2023-09-12T21:37:32 IST" duration-ms="423">
    <groups>
    </groups>
    <test started-at="2023-09-12T21:37:31 IST" name="Default test" finished-at="2023-09-12T21:37:32 IST" duration-ms="423">
      <class name="Vtiger.Organization.test.MultipleUserOrganizationTest">
        <test-method is-config="true" signature="beforesuiteconfig()[pri:0, instance:Vtiger.Organization.test.MultipleUserOrganizationTest@75d4a5c2]" started-at="2023-09-12T21:37:31 IST" name="beforesuiteconfig" finished-at="2023-09-12T21:37:31 IST" duration-ms="7" status="PASS">
          <reporter-output>
          </reporter-output>
        </test-method> <!-- beforesuiteconfig -->
        <test-method is-config="true" signature="beforeClassConfig(java.lang.String)[pri:0, instance:Vtiger.Organization.test.MultipleUserOrganizationTest@75d4a5c2]" started-at="2023-09-12T21:37:31 IST" name="beforeClassConfig" finished-at="1970-01-01T05:30:00 IST" duration-ms="-1694534851703" status="FAIL">
          <exception class="org.testng.TestNGException">
            <message>
              <![CDATA[
Parameter 'browser' is required by BeforeClass on method beforeClassConfig but has not been marked @Optional or defined
in C:\Users\MY PC\AppData\Local\Temp\testng-eclipse-1224489871\testng-customsuite.xml]]>
            </message>
            <full-stacktrace>
              <![CDATA[org.testng.TestNGException: 
Parameter 'browser' is required by BeforeClass on method beforeClassConfig but has not been marked @Optional or defined
in C:\Users\MY PC\AppData\Local\Temp\testng-eclipse-1224489871\testng-customsuite.xml
at org.testng.internal.Parameters.createParams(Parameters.java:267)
at org.testng.internal.Parameters.createParametersForMethod(Parameters.java:355)
at org.testng.internal.Parameters.createParameters(Parameters.java:684)
at org.testng.internal.Parameters.createConfigurationParameters(Parameters.java:166)
at org.testng.internal.invokers.ConfigInvoker.invokeConfigurations(ConfigInvoker.java:306)
at org.testng.internal.invokers.TestMethodWorker.invokeBeforeClassMethods(TestMethodWorker.java:180)
at org.testng.internal.invokers.TestMethodWorker.run(TestMethodWorker.java:122)
at java.base/java.util.ArrayList.forEach(ArrayList.java:1511)
at org.testng.TestRunner.privateRun(TestRunner.java:848)
at org.testng.TestRunner.run(TestRunner.java:621)
at org.testng.SuiteRunner.runTest(SuiteRunner.java:443)
at org.testng.SuiteRunner.runSequentially(SuiteRunner.java:437)
at org.testng.SuiteRunner.privateRun(SuiteRunner.java:397)
at org.testng.SuiteRunner.run(SuiteRunner.java:336)
at org.testng.SuiteRunnerWorker.runSuite(SuiteRunnerWorker.java:52)
at org.testng.SuiteRunnerWorker.run(SuiteRunnerWorker.java:95)
at org.testng.TestNG.runSuitesSequentially(TestNG.java:1280)
at org.testng.TestNG.runSuitesLocally(TestNG.java:1200)
at org.testng.TestNG.runSuites(TestNG.java:1114)
at org.testng.TestNG.run(TestNG.java:1082)
at org.testng.remote.AbstractRemoteTestNG.run(AbstractRemoteTestNG.java:115)
at org.testng.remote.RemoteTestNG.initAndRun(RemoteTestNG.java:251)
at org.testng.remote.RemoteTestNG.main(RemoteTestNG.java:77)
]]>
            </full-stacktrace>
          </exception> <!-- org.testng.TestNGException -->
          <reporter-output>
          </reporter-output>
        </test-method> <!-- beforeClassConfig -->
        <test-method is-config="true" signature="beforeMethodConfig()[pri:0, instance:Vtiger.Organization.test.MultipleUserOrganizationTest@75d4a5c2]" started-at="2023-09-12T21:37:32 IST" name="beforeMethodConfig" finished-at="2023-09-12T21:37:32 IST" duration-ms="0" status="SKIP">
          <reporter-output>
          </reporter-output>
        </test-method> <!-- beforeMethodConfig -->
        <test-method signature="verifyUserCreateOrganizationTest(java.lang.String)[pri:0, instance:Vtiger.Organization.test.MultipleUserOrganizationTest@75d4a5c2]" started-at="2023-09-12T21:37:32 IST" name="verifyUserCreateOrganizationTest" data-provider="multipleData" finished-at="2023-09-12T21:37:32 IST" duration-ms="0" status="SKIP">
          <params>
            <param index="0">
              <value>
                <![CDATA[10]]>
              </value>
            </param>
          </params>
          <exception class="org.testng.TestNGException">
            <message>
              <![CDATA[
Parameter 'browser' is required by BeforeClass on method beforeClassConfig but has not been marked @Optional or defined
in C:\Users\MY PC\AppData\Local\Temp\testng-eclipse-1224489871\testng-customsuite.xml]]>
            </message>
            <full-stacktrace>
              <![CDATA[org.testng.TestNGException: 
Parameter 'browser' is required by BeforeClass on method beforeClassConfig but has not been marked @Optional or defined
in C:\Users\MY PC\AppData\Local\Temp\testng-eclipse-1224489871\testng-customsuite.xml
at org.testng.internal.Parameters.createParams(Parameters.java:267)
at org.testng.internal.Parameters.createParametersForMethod(Parameters.java:355)
at org.testng.internal.Parameters.createParameters(Parameters.java:684)
at org.testng.internal.Parameters.createConfigurationParameters(Parameters.java:166)
at org.testng.internal.invokers.ConfigInvoker.invokeConfigurations(ConfigInvoker.java:306)
at org.testng.internal.invokers.TestMethodWorker.invokeBeforeClassMethods(TestMethodWorker.java:180)
at org.testng.internal.invokers.TestMethodWorker.run(TestMethodWorker.java:122)
at java.base/java.util.ArrayList.forEach(ArrayList.java:1511)
at org.testng.TestRunner.privateRun(TestRunner.java:848)
at org.testng.TestRunner.run(TestRunner.java:621)
at org.testng.SuiteRunner.runTest(SuiteRunner.java:443)
at org.testng.SuiteRunner.runSequentially(SuiteRunner.java:437)
at org.testng.SuiteRunner.privateRun(SuiteRunner.java:397)
at org.testng.SuiteRunner.run(SuiteRunner.java:336)
at org.testng.SuiteRunnerWorker.runSuite(SuiteRunnerWorker.java:52)
at org.testng.SuiteRunnerWorker.run(SuiteRunnerWorker.java:95)
at org.testng.TestNG.runSuitesSequentially(TestNG.java:1280)
at org.testng.TestNG.runSuitesLocally(TestNG.java:1200)
at org.testng.TestNG.runSuites(TestNG.java:1114)
at org.testng.TestNG.run(TestNG.java:1082)
at org.testng.remote.AbstractRemoteTestNG.run(AbstractRemoteTestNG.java:115)
at org.testng.remote.RemoteTestNG.initAndRun(RemoteTestNG.java:251)
at org.testng.remote.RemoteTestNG.main(RemoteTestNG.java:77)
]]>
            </full-stacktrace>
          </exception> <!-- org.testng.TestNGException -->
          <reporter-output>
          </reporter-output>
        </test-method> <!-- verifyUserCreateOrganizationTest -->
        <test-method is-config="true" signature="afterMethodConfig()[pri:0, instance:Vtiger.Organization.test.MultipleUserOrganizationTest@75d4a5c2]" started-at="2023-09-12T21:37:32 IST" name="afterMethodConfig" finished-at="2023-09-12T21:37:32 IST" duration-ms="0" status="SKIP">
          <reporter-output>
          </reporter-output>
        </test-method> <!-- afterMethodConfig -->
        <test-method is-config="true" signature="afterclassCpnfig()[pri:0, instance:Vtiger.Organization.test.MultipleUserOrganizationTest@75d4a5c2]" started-at="2023-09-12T21:37:32 IST" name="afterclassCpnfig" finished-at="2023-09-12T21:37:32 IST" duration-ms="0" status="SKIP">
          <reporter-output>
          </reporter-output>
        </test-method> <!-- afterclassCpnfig -->
        <test-method is-config="true" signature="aftersuiteConfig()[pri:0, instance:Vtiger.Organization.test.MultipleUserOrganizationTest@75d4a5c2]" started-at="2023-09-12T21:37:32 IST" name="aftersuiteConfig" finished-at="2023-09-12T21:37:32 IST" duration-ms="0" status="PASS">
          <reporter-output>
          </reporter-output>
        </test-method> <!-- aftersuiteConfig -->
      </class> <!-- Vtiger.Organization.test.MultipleUserOrganizationTest -->
    </test> <!-- Default test -->
  </suite> <!-- Default suite -->
</testng-results>
